<?xml version="1.0" encoding="UTF-8"?>
<robot generator="Robot 4.1.1 (Python 3.9.7 on linux)" generated="20210918 12:10:34.337" rpa="false" schemaversion="2">
<suite id="s1" name="Robotframework" source="/home/dhilipsiva/projects/dhilipsiva/robotframework">
<suite id="s1-s1" name="Sample" source="/home/dhilipsiva/projects/dhilipsiva/robotframework/sample.robot">
<test id="s1-s1-t1" name="Testing the Sample Lib">
<kw name="Sample Echo" library="SampleLib">
<arg>param1</arg>
<arg>param2</arg>
<msg timestamp="20210918 12:10:34.361" level="INFO">This is a freaking sample response: param1 param2</msg>
<status status="PASS" starttime="20210918 12:10:34.361" endtime="20210918 12:10:34.361"/>
</kw>
<status status="PASS" starttime="20210918 12:10:34.360" endtime="20210918 12:10:34.361"/>
</test>
<status status="PASS" starttime="20210918 12:10:34.357" endtime="20210918 12:10:34.362"/>
</suite>
<status status="PASS" starttime="20210918 12:10:34.338" endtime="20210918 12:10:34.364"/>
</suite>
<statistics>
<total>
<stat pass="1" fail="0" skip="0">All Tests</stat>
</total>
<tag>
</tag>
<suite>
<stat pass="1" fail="0" skip="0" id="s1" name="Robotframework">Robotframework</stat>
<stat pass="1" fail="0" skip="0" id="s1-s1" name="Sample">Robotframework.Sample</stat>
</suite>
</statistics>
<errors>
</errors>
</robot>
