<?xml version="1.0" encoding="UTF-8"?>
<robot generator="Robot 4.1.1 (Python 3.9.7 on linux)" generated="20210918 10:46:18.351" rpa="false" schemaversion="2">
<suite id="s1" name="Sample" source="/home/dhilipsiva/projects/dhilipsiva/robotframework/src/sample.rst">
<test id="s1-t1" name="Testing the Sample Lib">
<kw name="Sample Echo" library="SampleLib">
<arg>param1</arg>
<arg>param2</arg>
<msg timestamp="20210918 10:46:18.373" level="INFO">This is a freaking sample response: param1 param2</msg>
<status status="PASS" starttime="20210918 10:46:18.373" endtime="20210918 10:46:18.373"/>
</kw>
<status status="PASS" starttime="20210918 10:46:18.373" endtime="20210918 10:46:18.374"/>
</test>
<status status="PASS" starttime="20210918 10:46:18.353" endtime="20210918 10:46:18.374"/>
</suite>
<statistics>
<total>
<stat pass="1" fail="0" skip="0">All Tests</stat>
</total>
<tag>
</tag>
<suite>
<stat pass="1" fail="0" skip="0" id="s1" name="Sample">Sample</stat>
</suite>
</statistics>
<errors>
</errors>
</robot>
